30/09/2017 09:35:44 devpinoyLogger Hello
30/09/2017 09:35:44 devpinoyLogger Properties loaded. Starting testing
30/09/2017 09:35:44 devpinoyLogger Intialize Suite xlsx
30/09/2017 09:35:45 devpinoyLogger Executing the test case -> SetUp
30/09/2017 09:35:45 devpinoyLogger openBrowser
30/09/2017 09:35:45 devpinoyLogger Opening browser
30/09/2017 09:35:48 devpinoyLogger Pass
30/09/2017 09:35:48 devpinoyLogger navigate
30/09/2017 09:35:48 devpinoyLogger Navigating to URL
30/09/2017 09:35:49 devpinoyLogger Pass
30/09/2017 09:35:49 devpinoyLogger writeInInput
30/09/2017 09:35:49 devpinoyLogger Writing in text box:: Object is login-username Data is vsan9394
30/09/2017 09:35:49 devpinoyLogger Locator = login-username Data vsan9394
30/09/2017 09:35:49 devpinoyLogger Locator = login-username Data vsan9394
30/09/2017 09:35:49 devpinoyLogger Waiting for Elements to completely load ...
30/09/2017 09:35:49 devpinoyLogger Pass
30/09/2017 09:35:49 devpinoyLogger clickButton
30/09/2017 09:35:49 devpinoyLogger Clicking on Button 
30/09/2017 09:35:49 devpinoyLogger Locator = login-signin Data 
30/09/2017 09:35:49 devpinoyLogger Waiting for Elements to completely load ...
30/09/2017 09:35:50 devpinoyLogger Pass
30/09/2017 09:35:50 devpinoyLogger writeInInput
30/09/2017 09:35:50 devpinoyLogger Writing in text box:: Object is //*[@id='content']//input[2] Data is fOLSOM)98
30/09/2017 09:35:50 devpinoyLogger Locator = //*[@id='content']//input[2] Data fOLSOM)98
30/09/2017 09:35:50 devpinoyLogger Locator = //*[@id='content']//input[2] Data fOLSOM)98
30/09/2017 09:35:50 devpinoyLogger Waiting for Elements to completely load ...
30/09/2017 09:35:50 devpinoyLogger Waiting for Elements to completely load ...
30/09/2017 09:35:51 devpinoyLogger Waiting for Elements to completely load ...
30/09/2017 09:35:51 devpinoyLogger Waiting for Elements to completely load ...
30/09/2017 09:35:52 devpinoyLogger Waiting for Elements to completely load ...
30/09/2017 09:35:52 devpinoyLogger Waiting for Elements to completely load ...
30/09/2017 09:35:53 devpinoyLogger Waiting for Elements to completely load ...
30/09/2017 09:35:53 devpinoyLogger Waiting for Elements to completely load ...
30/09/2017 09:35:54 devpinoyLogger Waiting for Elements to completely load ...
30/09/2017 09:35:54 devpinoyLogger Waiting for Elements to completely load ...
30/09/2017 09:35:55 devpinoyLogger Waiting for Elements to completely load ...
30/09/2017 09:35:55 devpinoyLogger Waiting for Elements to completely load ...
30/09/2017 09:35:56 devpinoyLogger Waiting for Elements to completely load ...
30/09/2017 09:35:56 devpinoyLogger Waiting for Elements to completely load ...
30/09/2017 09:35:57 devpinoyLogger Waiting for Elements to completely load ...
30/09/2017 09:35:57 devpinoyLogger Waiting for Elements to completely load ...
30/09/2017 09:35:58 devpinoyLogger Waiting for Elements to completely load ...
30/09/2017 09:35:58 devpinoyLogger Waiting for Elements to completely load ...
30/09/2017 09:35:59 devpinoyLogger Waiting for Elements to completely load ...
30/09/2017 09:35:59 devpinoyLogger Waiting for Elements to completely load ...
30/09/2017 09:36:00 devpinoyLogger Waiting for Elements to completely load ...
30/09/2017 09:36:00 devpinoyLogger Waiting for Elements to completely load ...
30/09/2017 09:36:01 devpinoyLogger Waiting for Elements to completely load ...
30/09/2017 09:36:01 devpinoyLogger Waiting for Elements to completely load ...
30/09/2017 09:36:02 devpinoyLogger Waiting for Elements to completely load ...
30/09/2017 09:36:02 devpinoyLogger Waiting for Elements to completely load ...
30/09/2017 09:36:03 devpinoyLogger Waiting for Elements to completely load ...
30/09/2017 09:36:03 devpinoyLogger Waiting for Elements to completely load ...
30/09/2017 09:36:04 devpinoyLogger Waiting for Elements to completely load ...
30/09/2017 09:36:04 devpinoyLogger Waiting for Elements to completely load ...
30/09/2017 09:36:05 devpinoyLogger Waiting for Elements to completely load ...
30/09/2017 09:36:05 devpinoyLogger Failed to Load Element after 5 min ...org.openqa.selenium.TimeoutException: Timed out after 15 seconds waiting for com.ge.selenium.testscript.Keywords$2@6fa51cd4
Build info: version: '2.31.0', revision: '1bd294d', time: '2013-02-27 20:53:56'
System info: os.name: 'Mac OS X', os.arch: 'x86_64', os.version: '10.11.5', java.version: '1.8.0_60'
Driver info: driver.version: MITTestDriver
30/09/2017 09:36:05 devpinoyLogger Fail -- Unable to write  -- Element //*[@id='content']//input[2] Not Found
30/09/2017 09:36:05 devpinoyLogger Fail -- Unable to write  -- Element //*[@id='content']//input[2] Not Found
30/09/2017 09:36:05 devpinoyLogger Skipping the test loginTest
30/09/2017 09:36:05 devpinoyLogger ***********************************loginTest --- Skip
30/09/2017 09:36:05 devpinoyLogger Skipping the test TestCreateAsset
30/09/2017 09:36:05 devpinoyLogger ***********************************TestCreateAsset --- Skip
30/09/2017 09:36:05 devpinoyLogger Skipping the test VerifyCreateAsset
30/09/2017 09:36:05 devpinoyLogger ***********************************VerifyCreateAsset --- Skip
30/09/2017 09:36:05 devpinoyLogger Skipping the test verifyErrorMsg
30/09/2017 09:36:05 devpinoyLogger ***********************************verifyErrorMsg --- Skip
30/09/2017 09:36:05 devpinoyLogger Skipping the test TestDeleteAsset
30/09/2017 09:36:05 devpinoyLogger ***********************************TestDeleteAsset --- Skip
30/09/2017 09:36:05 devpinoyLogger Skipping the test tearDown
30/09/2017 09:36:05 devpinoyLogger ***********************************tearDown --- Skip
